<?xml version="1.0" encoding="UTF-8"?>
<testng-results skipped="0" failed="0" ignored="0" total="1" passed="1">
  <reporter-output>
  </reporter-output>
  <suite name="Default suite" duration-ms="64429" started-at="2022-11-30T12:07:19 IST" finished-at="2022-11-30T12:08:23 IST">
    <groups>
    </groups>
    <test name="Default test" duration-ms="64429" started-at="2022-11-30T12:07:19 IST" finished-at="2022-11-30T12:08:23 IST">
      <class name="testcases.TC001">
        <test-method status="PASS" signature="TestStart()[pri:0, instance:testcases.TC001@1d8d30f7]" name="TestStart" is-config="true" duration-ms="16" started-at="2022-11-30T12:07:19 IST" finished-at="2022-11-30T12:07:19 IST">
          <reporter-output>
          </reporter-output>
        </test-method> <!-- TestStart -->
        <test-method status="PASS" signature="BrowserURLSetup()[pri:0, instance:testcases.TC001@1d8d30f7]" name="BrowserURLSetup" is-config="true" duration-ms="16972" started-at="2022-11-30T12:07:19 IST" finished-at="2022-11-30T12:07:36 IST">
          <reporter-output>
          </reporter-output>
        </test-method> <!-- BrowserURLSetup -->
        <test-method status="PASS" signature="Login()[pri:0, instance:testcases.TC001@1d8d30f7]" name="Login" duration-ms="45440" started-at="2022-11-30T12:07:36 IST" finished-at="2022-11-30T12:08:21 IST">
          <reporter-output>
          </reporter-output>
        </test-method> <!-- Login -->
        <test-method status="PASS" signature="Quit()[pri:0, instance:testcases.TC001@1d8d30f7]" name="Quit" is-config="true" duration-ms="1826" started-at="2022-11-30T12:08:21 IST" finished-at="2022-11-30T12:08:23 IST">
          <reporter-output>
          </reporter-output>
        </test-method> <!-- Quit -->
        <test-method status="PASS" signature="TestEnd()[pri:0, instance:testcases.TC001@1d8d30f7]" name="TestEnd" is-config="true" duration-ms="1" started-at="2022-11-30T12:08:23 IST" finished-at="2022-11-30T12:08:23 IST">
          <reporter-output>
          </reporter-output>
        </test-method> <!-- TestEnd -->
      </class> <!-- testcases.TC001 -->
    </test> <!-- Default test -->
  </suite> <!-- Default suite -->
</testng-results>
